Release 14.7 - xst P.20131013 (nt64)
Copyright (c) 1995-2013 Xilinx, Inc.  All rights reserved.
--> Parameter TMPDIR set to xst/projnav.tmp


Total REAL time to Xst completion: 0.00 secs
Total CPU time to Xst completion: 0.08 secs
 
--> Parameter xsthdpdir set to xst


Total REAL time to Xst completion: 0.00 secs
Total CPU time to Xst completion: 0.10 secs
 
--> Reading design: lab2_proj2.prj

TABLE OF CONTENTS
  1) Synthesis Options Summary
  2) HDL Compilation
  3) Design Hierarchy Analysis
  4) HDL Analysis
  5) HDL Synthesis
     5.1) HDL Synthesis Report
  6) Advanced HDL Synthesis
     6.1) Advanced HDL Synthesis Report
  7) Low Level Synthesis
  8) Partition Report
  9) Final Report
	9.1) Device utilization summary
	9.2) Partition Resource Summary
	9.3) TIMING REPORT


=========================================================================
*                      Synthesis Options Summary                        *
=========================================================================
---- Source Parameters
Input File Name                    : "lab2_proj2.prj"
Input Format                       : mixed
Ignore Synthesis Constraint File   : NO

---- Target Parameters
Output File Name                   : "lab2_proj2"
Output Format                      : NGC
Target Device                      : xc3s500e-5-fg320

---- Source Options
Top Module Name                    : lab2_proj2
Automatic FSM Extraction           : YES
FSM Encoding Algorithm             : Auto
Safe Implementation                : No
FSM Style                          : LUT
RAM Extraction                     : Yes
RAM Style                          : Auto
ROM Extraction                     : Yes
Mux Style                          : Auto
Decoder Extraction                 : YES
Priority Encoder Extraction        : Yes
Shift Register Extraction          : YES
Logical Shifter Extraction         : YES
XOR Collapsing                     : YES
ROM Style                          : Auto
Mux Extraction                     : Yes
Resource Sharing                   : YES
Asynchronous To Synchronous        : NO
Multiplier Style                   : Auto
Automatic Register Balancing       : No

---- Target Options
Add IO Buffers                     : YES
Global Maximum Fanout              : 100000
Add Generic Clock Buffer(BUFG)     : 24
Register Duplication               : YES
Slice Packing                      : YES
Optimize Instantiated Primitives   : NO
Use Clock Enable                   : Yes
Use Synchronous Set                : Yes
Use Synchronous Reset              : Yes
Pack IO Registers into IOBs        : Auto
Equivalent register Removal        : YES

---- General Options
Optimization Goal                  : Speed
Optimization Effort                : 1
Keep Hierarchy                     : No
Netlist Hierarchy                  : As_Optimized
RTL Output                         : Yes
Global Optimization                : AllClockNets
Read Cores                         : YES
Write Timing Constraints           : NO
Cross Clock Analysis               : NO
Hierarchy Separator                : /
Bus Delimiter                      : <>
Case Specifier                     : Maintain
Slice Utilization Ratio            : 100
BRAM Utilization Ratio             : 100
Verilog 2001                       : YES
Auto BRAM Packing                  : NO
Slice Utilization Ratio Delta      : 5

=========================================================================


=========================================================================
*                          HDL Compilation                              *
=========================================================================
Compiling vhdl file "C:/Users/Aluno/Documents/Microeletronica2024/Lab_2/proj3/lab2_proj3.vhd" in Library work.
Entity <lab2_proj2> compiled.
Entity <lab2_proj2> (Architecture <behavioral>) compiled.

=========================================================================
*                     Design Hierarchy Analysis                         *
=========================================================================
Analyzing hierarchy for entity <lab2_proj2> in library <work> (architecture <behavioral>) with generics.
	N = 8


=========================================================================
*                            HDL Analysis                               *
=========================================================================
Analyzing generic Entity <lab2_proj2> in library <work> (Architecture <behavioral>).
	N = 8
Entity <lab2_proj2> analyzed. Unit <lab2_proj2> generated.


=========================================================================
*                           HDL Synthesis                               *
=========================================================================

Performing bidirectional port resolution...

Synthesizing Unit <lab2_proj2>.
    Related source file is "C:/Users/Aluno/Documents/Microeletronica2024/Lab_2/proj3/lab2_proj3.vhd".
    Found 16x7-bit ROM for signal <y>.
    Found 4-bit adder for signal <cont_2$addsub0000> created at line 29.
    Found 4-bit adder for signal <cont_3$addsub0000> created at line 29.
    Found 4-bit adder for signal <cont_4$addsub0000> created at line 29.
    Found 4-bit adder for signal <cont_5$addsub0000> created at line 29.
    Found 4-bit adder for signal <cont_6$addsub0000> created at line 29.
    Found 4-bit adder for signal <cont_7$addsub0000> created at line 29.
    Found 4-bit adder for signal <cont_8$addsub0000> created at line 29.
    Found 4-bit comparator greater for signal <ordenador_0$cmp_lt0000> created at line 52.
    Found 4-bit comparator greater for signal <ordenador_1$cmp_lt0000> created at line 52.
    Found 4-bit comparator greater for signal <ordenador_2$cmp_lt0000> created at line 52.
    Found 4-bit comparator greater for signal <ordenador_3$cmp_lt0000> created at line 52.
    Found 4-bit comparator greater for signal <ordenador_4$cmp_lt0000> created at line 52.
    Found 4-bit comparator greater for signal <ordenador_5$cmp_lt0000> created at line 52.
    Found 4-bit comparator greater for signal <ordenador_6$cmp_lt0000> created at line 52.
    Found 4-bit comparator greater for signal <ordenador_7$cmp_lt0000> created at line 52.
    Summary:
	inferred   1 ROM(s).
	inferred   7 Adder/Subtractor(s).
	inferred   8 Comparator(s).
Unit <lab2_proj2> synthesized.


=========================================================================
HDL Synthesis Report

Macro Statistics
# ROMs                                                 : 1
 16x7-bit ROM                                          : 1
# Adders/Subtractors                                   : 7
 4-bit adder                                           : 7
# Comparators                                          : 8
 4-bit comparator greater                              : 8

=========================================================================

=========================================================================
*                       Advanced HDL Synthesis                          *
=========================================================================


=========================================================================
Advanced HDL Synthesis Report

Macro Statistics
# ROMs                                                 : 1
 16x7-bit ROM                                          : 1
# Adders/Subtractors                                   : 7
 4-bit adder                                           : 7
# Comparators                                          : 8
 4-bit comparator greater                              : 8

=========================================================================

=========================================================================
*                         Low Level Synthesis                           *
=========================================================================

Optimizing unit <lab2_proj2> ...

Mapping all equations...
Building and optimizing final netlist ...
Found area constraint ratio of 100 (+ 5) on block lab2_proj2, actual ratio is 0.

Final Macro Processing ...

=========================================================================
Final Register Report

Found no macro
=========================================================================

=========================================================================
*                           Partition Report                            *
=========================================================================

Partition Implementation Status
-------------------------------

  No Partitions were found in this design.

-------------------------------

=========================================================================
*                            Final Report                               *
=========================================================================
Final Results
RTL Top Level Output File Name     : lab2_proj2.ngr
Top Level Output File Name         : lab2_proj2
Output Format                      : NGC
Optimization Goal                  : Speed
Keep Hierarchy                     : No

Design Statistics
# IOs                              : 31

Cell Usage :
# BELS                             : 39
#      GND                         : 1
#      LUT2                        : 1
#      LUT3                        : 7
#      LUT4                        : 28
#      MUXF5                       : 1
#      VCC                         : 1
# IO Buffers                       : 31
#      IBUF                        : 8
#      OBUF                        : 23
=========================================================================

Device utilization summary:
---------------------------

Selected Device : 3s500efg320-5 

 Number of Slices:                       21  out of   4656     0%  
 Number of 4 input LUTs:                 36  out of   9312     0%  
 Number of IOs:                          31
 Number of bonded IOBs:                  31  out of    232    13%  

---------------------------
Partition Resource Summary:
---------------------------

  No Partitions were found in this design.

---------------------------


=========================================================================
TIMING REPORT

NOTE: THESE TIMING NUMBERS ARE ONLY A SYNTHESIS ESTIMATE.
      FOR ACCURATE TIMING INFORMATION PLEASE REFER TO THE TRACE REPORT
      GENERATED AFTER PLACE-and-ROUTE.

Clock Information:
------------------
No clock signals found in this design

Asynchronous Control Signals Information:
----------------------------------------
No asynchronous control signals found in this design

Timing Summary:
---------------
Speed Grade: -5

   Minimum period: No path found
   Minimum input arrival time before clock: No path found
   Maximum output required time after clock: No path found
   Maximum combinational path delay: 14.395ns

Timing Detail:
--------------
All values displayed in nanoseconds (ns)

=========================================================================
Timing constraint: Default path analysis
  Total number of paths / destination ports: 2570 / 19
-------------------------------------------------------------------------
Delay:               14.395ns (Levels of Logic = 10)
  Source:            x<2> (PAD)
  Destination:       y<3> (PAD)

  Data Path: x<2> to y<3>
                                Gate     Net
    Cell:in->out      fanout   Delay   Delay  Logical Name (Net Name)
    ----------------------------------------  ------------
     IBUF:I->O             6   1.106   0.721  x_2_IBUF (x_2_IBUF)
     LUT4:I0->O            3   0.612   0.603  cont_4_mux0000<0>1 (Madd_cont_5_addsub0000_cy<0>)
     LUT3:I0->O            3   0.612   0.603  cont_6_mux0000<0>1 (Madd_cont_7_addsub0000_cy<0>)
     LUT4:I0->O            8   0.612   0.673  cont_8_mux0000<2>21 (N14)
     LUT3:I2->O            1   0.612   0.360  cont_8_mux0000<3>_SW0 (N33)
     LUT4:I3->O           13   0.612   0.988  cont_8_mux0000<3> (led_0_OBUF)
     LUT4:I0->O            1   0.612   0.387  Mrom_y6_SW0 (N47)
     LUT4:I2->O            2   0.612   0.532  Mrom_y6 (y_6_OBUF)
     LUT4:I0->O            1   0.612   0.357  Mrom_y31 (y_3_OBUF)
     OBUF:I->O                 3.169          y_3_OBUF (y<3>)
    ----------------------------------------
    Total                     14.395ns (9.171ns logic, 5.224ns route)
                                       (63.7% logic, 36.3% route)

=========================================================================


Total REAL time to Xst completion: 6.00 secs
Total CPU time to Xst completion: 5.87 secs
 
--> 

Total memory usage is 4513828 kilobytes

Number of errors   :    0 (   0 filtered)
Number of warnings :    0 (   0 filtered)
Number of infos    :    0 (   0 filtered)

