--------------------------------------------------------------------------------
Release 14.7 Trace  (nt64)
Copyright (c) 1995-2013 Xilinx, Inc.  All rights reserved.

C:\Xilinx\14.7\ISE_DS\ISE\bin\nt64\unwrapped\trce.exe -intstyle ise -v 3 -s 5
-n 3 -fastpaths -xml lab3_proj4.twx lab3_proj4.ncd -o lab3_proj4.twr
lab3_proj4.pcf -ucf pinos.ucf

Design file:              lab3_proj4.ncd
Physical constraint file: lab3_proj4.pcf
Device,package,speed:     xc3s500e,fg320,-5 (PRODUCTION 1.27 2013-10-13)
Report level:             verbose report

Environment Variable      Effect 
--------------------      ------ 
NONE                      No environment variables were set
--------------------------------------------------------------------------------

INFO:Timing:2698 - No timing constraints found, doing default enumeration.
INFO:Timing:3412 - To improve timing, see the Timing Closure User Guide (UG612).
INFO:Timing:2752 - To get complete path coverage, use the unconstrained paths 
   option. All paths that are not constrained will be reported in the 
   unconstrained paths section(s) of the report.
INFO:Timing:3339 - The clock-to-out numbers in this timing report are based on 
   a 50 Ohm transmission line loading model.  For the details of this model, 
   and for more information on accounting for different loading conditions, 
   please see the device datasheet.
INFO:Timing:3390 - This architecture does not support a default System Jitter 
   value, please add SYSTEM_JITTER constraint to the UCF to modify the Clock 
   Uncertainty calculation.
INFO:Timing:3389 - This architecture does not support 'Discrete Jitter' and 
   'Phase Error' calculations, these terms will be zero in the Clock 
   Uncertainty calculation.  Please make appropriate modification to 
   SYSTEM_JITTER to account for the unsupported Discrete Jitter and Phase 
   Error.



Data Sheet report:
-----------------
All values displayed in nanoseconds (ns)

Pad to Pad
---------------+---------------+---------+
Source Pad     |Destination Pad|  Delay  |
---------------+---------------+---------+
a<0>           |cout           |   10.154|
a<0>           |y<0>           |    7.971|
a<0>           |y<1>           |    9.279|
a<1>           |cout           |    9.878|
a<1>           |y<1>           |    8.953|
b<0>           |cout           |    9.930|
b<0>           |y<0>           |    7.747|
b<0>           |y<1>           |    9.055|
b<1>           |cout           |    8.613|
b<1>           |y<1>           |    7.688|
cin            |cout           |    9.130|
cin            |y<0>           |    6.331|
cin            |y<1>           |    8.255|
opcode<0>      |cout           |    9.207|
opcode<0>      |y<0>           |    6.763|
opcode<0>      |y<1>           |    8.332|
opcode<1>      |cout           |    9.793|
opcode<1>      |y<0>           |    7.358|
opcode<1>      |y<1>           |    8.918|
opcode<2>      |cout           |    8.567|
---------------+---------------+---------+


Analysis completed Wed Apr 03 18:19:05 2024 
--------------------------------------------------------------------------------

Trace Settings:
-------------------------
Trace Settings 

Peak Memory Usage: 4509 MB



